error:
       … while evaluating the attribute 'config'

         at /nix/store/73psk864i3rcjvxfxp5vj1afn870734v-nixos-23.11.5742.219951b495fc/nixos/lib/modules.nix:320:9:

          319|         options = checked options;
          320|         config = checked (removeAttrs config [ "_module" ]);
             |         ^
          321|         _module = checked (config._module);

       … while calling the 'seq' builtin

         at /nix/store/73psk864i3rcjvxfxp5vj1afn870734v-nixos-23.11.5742.219951b495fc/nixos/lib/modules.nix:320:18:

          319|         options = checked options;
          320|         config = checked (removeAttrs config [ "_module" ]);
             |                  ^
          321|         _module = checked (config._module);

       (stack trace truncated; use '--show-trace' to show the full trace)

       error: opening file '/home/alex/dotfiles/nixos/default.nix': No such file or directory
building Nix...
error:
       … while evaluating the attribute 'config'

         at /nix/store/73psk864i3rcjvxfxp5vj1afn870734v-nixos-23.11.5742.219951b495fc/nixos/lib/modules.nix:320:9:

          319|         options = checked options;
          320|         config = checked (removeAttrs config [ "_module" ]);
             |         ^
          321|         _module = checked (config._module);

       … while calling the 'seq' builtin

         at /nix/store/73psk864i3rcjvxfxp5vj1afn870734v-nixos-23.11.5742.219951b495fc/nixos/lib/modules.nix:320:18:

          319|         options = checked options;
          320|         config = checked (removeAttrs config [ "_module" ]);
             |                  ^
          321|         _module = checked (config._module);

       (stack trace truncated; use '--show-trace' to show the full trace)

       error: opening file '/home/alex/dotfiles/nixos/default.nix': No such file or directory
building the system configuration...
error:
       … while evaluating the attribute 'config.system.build.toplevel'

         at /nix/store/73psk864i3rcjvxfxp5vj1afn870734v-nixos-23.11.5742.219951b495fc/nixos/lib/modules.nix:320:9:

          319|         options = checked options;
          320|         config = checked (removeAttrs config [ "_module" ]);
             |         ^
          321|         _module = checked (config._module);

       … while calling the 'seq' builtin

         at /nix/store/73psk864i3rcjvxfxp5vj1afn870734v-nixos-23.11.5742.219951b495fc/nixos/lib/modules.nix:320:18:

          319|         options = checked options;
          320|         config = checked (removeAttrs config [ "_module" ]);
             |                  ^
          321|         _module = checked (config._module);

       (stack trace truncated; use '--show-trace' to show the full trace)

       error: opening file '/home/alex/dotfiles/nixos/default.nix': No such file or directory
